app/build/intermediates/manifest_merge_blame_file/release/manifest-merger-blame-release-report.txt
1<?xml version="1.0" encoding="utf-8"?>
2<manifest xmlns:android="http://schemas.android.com/apk/res/android"
3    package="id.kotlin.hspbtool"
4    android:installLocation="auto"
5    android:versionCode="6"
6    android:versionName="0.0006" >
7
8    <uses-sdk
9        android:minSdkVersion="24"
9-->src/main/AndroidManifest.xml
10        android:targetSdkVersion="29" />
10-->src/main/AndroidManifest.xml
11
12    <uses-feature android:name="android.hardware.camera.any" />
12-->src/main/AndroidManifest.xml:7:5-64
12-->src/main/AndroidManifest.xml:7:19-61
13
14    <uses-permission android:name="android.permission.INTERNET" />
14-->src/main/AndroidManifest.xml:8:5-67
14-->src/main/AndroidManifest.xml:8:22-64
15    <uses-permission android:name="android.permission.ACCESS_NETWORK_STATE" />
15-->src/main/AndroidManifest.xml:9:5-79
15-->src/main/AndroidManifest.xml:9:22-76
16    <uses-permission android:name="android.permission.Netw" />
16-->src/main/AndroidManifest.xml:10:5-63
16-->src/main/AndroidManifest.xml:10:22-60
17    <uses-permission android:name="android.permission.CAMERA" />
17-->src/main/AndroidManifest.xml:11:5-64
17-->src/main/AndroidManifest.xml:11:22-62
18    <uses-permission android:name="android.permission.READ_EXTERNAL_STORAGE" />
18-->src/main/AndroidManifest.xml:12:5-80
18-->src/main/AndroidManifest.xml:12:22-77
19    <uses-permission android:name="android.permission.WRITE_EXTERNAL_STORAGE" />
19-->src/main/AndroidManifest.xml:13:5-81
19-->src/main/AndroidManifest.xml:13:22-78
20
21    <queries>
21-->[androidx.camera:camera-extensions:1.0.0-alpha24] AndroidManifest.xml:24:5-28:15
22        <intent>
22-->[androidx.camera:camera-extensions:1.0.0-alpha24] AndroidManifest.xml:25:9-27:18
23            <action android:name="androidx.camera.extensions.action.VENDOR_ACTION" />
23-->[androidx.camera:camera-extensions:1.0.0-alpha24] AndroidManifest.xml:26:13-86
23-->[androidx.camera:camera-extensions:1.0.0-alpha24] AndroidManifest.xml:26:21-83
24        </intent>
25    </queries>
26
27    <uses-permission android:name="android.permission.WAKE_LOCK" /> <!-- Required by older versions of Google Play services to create IID tokens -->
27-->[com.google.firebase:firebase-messaging:22.0.0] AndroidManifest.xml:23:5-68
27-->[com.google.firebase:firebase-messaging:22.0.0] AndroidManifest.xml:23:22-65
28    <uses-permission android:name="com.google.android.c2dm.permission.RECEIVE" />
28-->[com.google.firebase:firebase-messaging:22.0.0] AndroidManifest.xml:25:5-82
28-->[com.google.firebase:firebase-messaging:22.0.0] AndroidManifest.xml:25:22-79
29    <uses-permission android:name="android.permission.RECEIVE_BOOT_COMPLETED" />
29-->[androidx.work:work-runtime:2.5.0] AndroidManifest.xml:27:5-81
29-->[androidx.work:work-runtime:2.5.0] AndroidManifest.xml:27:22-78
30    <uses-permission android:name="android.permission.FOREGROUND_SERVICE" />
30-->[androidx.work:work-runtime:2.5.0] AndroidManifest.xml:28:5-77
30-->[androidx.work:work-runtime:2.5.0] AndroidManifest.xml:28:22-74
31
32    <application
32-->src/main/AndroidManifest.xml:16:5-169:19
33        android:allowBackup="true"
33-->src/main/AndroidManifest.xml:17:9-35
34        android:appComponentFactory="androidx.core.app.CoreComponentFactory"
34-->[androidx.core:core:1.3.2] AndroidManifest.xml:24:18-86
35        android:extractNativeLibs="false"
36        android:icon="@mipmap/ic_launcher"
36-->src/main/AndroidManifest.xml:18:9-43
37        android:label="@string/app_name"
37-->src/main/AndroidManifest.xml:19:9-41
38        android:requestLegacyExternalStorage="true"
38-->src/main/AndroidManifest.xml:24:6-49
39        android:roundIcon="@mipmap/ic_launcher_round"
39-->src/main/AndroidManifest.xml:20:9-54
40        android:supportsRtl="true"
40-->src/main/AndroidManifest.xml:21:9-35
41        android:theme="@style/Theme.HSPBTool"
41-->src/main/AndroidManifest.xml:22:9-46
42        android:usesCleartextTraffic="true" >
42-->src/main/AndroidManifest.xml:23:9-44
43        <activity
43-->src/main/AndroidManifest.xml:26:9-29:65
44            android:name="id.kotlin.hspbtool.VentazaFilterShowLog"
44-->src/main/AndroidManifest.xml:27:13-49
45            android:label="@string/title_activity_ventaza_filter_show_log"
45-->src/main/AndroidManifest.xml:28:13-75
46            android:theme="@style/Theme.HSPBTool.NoActionBar" />
46-->src/main/AndroidManifest.xml:29:13-62
47        <activity
47-->src/main/AndroidManifest.xml:30:9-33:65
48            android:name="id.kotlin.hspbtool.VentazaFilterShowData"
48-->src/main/AndroidManifest.xml:31:13-50
49            android:label="@string/title_activity_ventaza_filter_show_data"
49-->src/main/AndroidManifest.xml:32:13-76
50            android:theme="@style/Theme.HSPBTool.NoActionBar" />
50-->src/main/AndroidManifest.xml:33:13-62
51        <activity android:name="id.kotlin.hspbtool.LogRecordActivity" />
51-->src/main/AndroidManifest.xml:34:9-55
51-->src/main/AndroidManifest.xml:34:19-52
52        <activity
52-->src/main/AndroidManifest.xml:35:9-38:65
53            android:name="id.kotlin.hspbtool.ChangePassword"
53-->src/main/AndroidManifest.xml:36:13-43
54            android:label="@string/title_activity_change_password"
54-->src/main/AndroidManifest.xml:37:13-67
55            android:theme="@style/Theme.HSPBTool.NoActionBar" />
55-->src/main/AndroidManifest.xml:38:13-62
56        <activity android:name="id.kotlin.hspbtool.AddRecordActivityVentaza" />
56-->src/main/AndroidManifest.xml:39:9-62
56-->src/main/AndroidManifest.xml:39:19-59
57        <activity
57-->src/main/AndroidManifest.xml:40:9-43:65
58            android:name="id.kotlin.hspbtool.HRDActivity"
58-->src/main/AndroidManifest.xml:41:13-40
59            android:label="@string/title_activity_h_r_d"
59-->src/main/AndroidManifest.xml:42:13-57
60            android:theme="@style/Theme.HSPBTool.NoActionBar" />
60-->src/main/AndroidManifest.xml:43:13-62
61        <activity
61-->src/main/AndroidManifest.xml:44:9-47:65
62            android:name="id.kotlin.hspbtool.HKActivity"
62-->src/main/AndroidManifest.xml:45:13-39
63            android:label="@string/title_activity_h_k"
63-->src/main/AndroidManifest.xml:46:13-55
64            android:theme="@style/Theme.HSPBTool.NoActionBar" />
64-->src/main/AndroidManifest.xml:47:13-62
65        <activity
65-->src/main/AndroidManifest.xml:48:9-51:65
66            android:name="id.kotlin.hspbtool.AccountingActivity"
66-->src/main/AndroidManifest.xml:49:13-47
67            android:label="@string/title_activity_accounting"
67-->src/main/AndroidManifest.xml:50:13-62
68            android:theme="@style/Theme.HSPBTool.NoActionBar" />
68-->src/main/AndroidManifest.xml:51:13-62
69        <activity
69-->src/main/AndroidManifest.xml:52:9-55:65
70            android:name="id.kotlin.hspbtool.EngineeringActivity"
70-->src/main/AndroidManifest.xml:53:13-48
71            android:label="@string/title_activity_engineering"
71-->src/main/AndroidManifest.xml:54:13-63
72            android:theme="@style/Theme.HSPBTool.NoActionBar" />
72-->src/main/AndroidManifest.xml:55:13-62
73        <activity
73-->src/main/AndroidManifest.xml:56:9-59:65
74            android:name="id.kotlin.hspbtool.FBProductActivity"
74-->src/main/AndroidManifest.xml:57:13-46
75            android:label="@string/title_activity_f_b_product"
75-->src/main/AndroidManifest.xml:58:13-63
76            android:theme="@style/Theme.HSPBTool.NoActionBar" />
76-->src/main/AndroidManifest.xml:59:13-62
77        <activity
77-->src/main/AndroidManifest.xml:60:9-63:65
78            android:name="id.kotlin.hspbtool.FBServiceActivity"
78-->src/main/AndroidManifest.xml:61:13-46
79            android:label="@string/title_activity_f_b_service"
79-->src/main/AndroidManifest.xml:62:13-63
80            android:theme="@style/Theme.HSPBTool.NoActionBar" />
80-->src/main/AndroidManifest.xml:63:13-62
81        <activity
81-->src/main/AndroidManifest.xml:64:9-67:65
82            android:name="id.kotlin.hspbtool.FrontOfficeActivity"
82-->src/main/AndroidManifest.xml:65:13-48
83            android:label="@string/title_activity_front_office"
83-->src/main/AndroidManifest.xml:66:13-64
84            android:theme="@style/Theme.HSPBTool.NoActionBar" />
84-->src/main/AndroidManifest.xml:67:13-62
85        <activity
85-->src/main/AndroidManifest.xml:68:9-71:65
86            android:name="id.kotlin.hspbtool.SalesMarketingActivity"
86-->src/main/AndroidManifest.xml:69:13-51
87            android:label="@string/title_activity_sales_marketing"
87-->src/main/AndroidManifest.xml:70:13-67
88            android:theme="@style/Theme.HSPBTool.NoActionBar" />
88-->src/main/AndroidManifest.xml:71:13-62
89        <activity
89-->src/main/AndroidManifest.xml:72:9-75:65
90            android:name="id.kotlin.hspbtool.WorkOrderActivity"
90-->src/main/AndroidManifest.xml:73:13-46
91            android:label="@string/title_activity_work_order"
91-->src/main/AndroidManifest.xml:74:13-62
92            android:theme="@style/Theme.HSPBTool.NoActionBar" />
92-->src/main/AndroidManifest.xml:75:13-62
93        <activity
93-->src/main/AndroidManifest.xml:76:9-79:65
94            android:name="id.kotlin.hspbtool.EmployeInformationActivity"
94-->src/main/AndroidManifest.xml:77:13-55
95            android:label="@string/title_activity_employe_information"
95-->src/main/AndroidManifest.xml:78:13-71
96            android:theme="@style/Theme.HSPBTool.NoActionBar" />
96-->src/main/AndroidManifest.xml:79:13-62
97        <activity android:name="id.kotlin.hspbtool.hotel_information_test_activity" />
97-->src/main/AndroidManifest.xml:80:9-69
97-->src/main/AndroidManifest.xml:80:19-66
98        <activity
98-->src/main/AndroidManifest.xml:82:9-85:65
99            android:name="id.kotlin.hspbtool.VentazaRecordData"
99-->src/main/AndroidManifest.xml:83:13-46
100            android:label="@string/title_activity_hotelnformation"
100-->src/main/AndroidManifest.xml:84:13-67
101            android:theme="@style/Theme.HSPBTool.NoActionBar" />
101-->src/main/AndroidManifest.xml:85:13-62
102        <activity
102-->src/main/AndroidManifest.xml:86:9-89:65
103            android:name="id.kotlin.hspbtool.MenuEngineeringRecord"
103-->src/main/AndroidManifest.xml:87:13-50
104            android:label="@string/title_activity_hotelnformation"
104-->src/main/AndroidManifest.xml:88:13-67
105            android:theme="@style/Theme.HSPBTool.NoActionBar" />
105-->src/main/AndroidManifest.xml:89:13-62
106        <activity
106-->src/main/AndroidManifest.xml:90:9-93:65
107            android:name="id.kotlin.hspbtool.ACRecordData"
107-->src/main/AndroidManifest.xml:91:13-41
108            android:label="@string/title_activity_hotelnformation"
108-->src/main/AndroidManifest.xml:92:13-67
109            android:theme="@style/Theme.HSPBTool.NoActionBar" />
109-->src/main/AndroidManifest.xml:93:13-62
110        <activity
110-->src/main/AndroidManifest.xml:94:9-97:65
111            android:name="id.kotlin.hspbtool.AddRecordActivityVentazaMaintenance"
111-->src/main/AndroidManifest.xml:95:13-64
112            android:label="Maintenance Ventaza"
112-->src/main/AndroidManifest.xml:96:13-48
113            android:theme="@style/Theme.HSPBTool.NoActionBar" />
113-->src/main/AndroidManifest.xml:97:13-62
114        <activity
114-->src/main/AndroidManifest.xml:98:9-101:65
115            android:name="id.kotlin.hspbtool.ViewRecordBatteryActivity"
115-->src/main/AndroidManifest.xml:99:13-54
116            android:label="@string/title_activity_hotelnformation"
116-->src/main/AndroidManifest.xml:100:13-67
117            android:theme="@style/Theme.HSPBTool.NoActionBar" />
117-->src/main/AndroidManifest.xml:101:13-62
118        <activity
118-->src/main/AndroidManifest.xml:102:9-105:65
119            android:name="id.kotlin.hspbtool.SantikaInformationActivity"
119-->src/main/AndroidManifest.xml:103:13-55
120            android:label="@string/title_activity_santika_information"
120-->src/main/AndroidManifest.xml:104:13-71
121            android:theme="@style/Theme.HSPBTool.NoActionBar" />
121-->src/main/AndroidManifest.xml:105:13-62
122        <activity
122-->src/main/AndroidManifest.xml:106:9-109:65
123            android:name="id.kotlin.hspbtool.AddRecordActivityACMaintenance"
123-->src/main/AndroidManifest.xml:107:13-59
124            android:label="@string/title_activity_santika_information"
124-->src/main/AndroidManifest.xml:108:13-71
125            android:theme="@style/Theme.HSPBTool.NoActionBar" />
125-->src/main/AndroidManifest.xml:109:13-62
126        <activity
126-->src/main/AndroidManifest.xml:110:9-112:60
127            android:name="id.kotlin.hspbtool.ui.login.LoginActivity"
127-->src/main/AndroidManifest.xml:111:13-51
128            android:label="@string/title_activity_login" />
128-->src/main/AndroidManifest.xml:112:13-57
129        <activity android:name="id.kotlin.hspbtool.LoadingActivity" />
129-->src/main/AndroidManifest.xml:114:9-115:47
129-->src/main/AndroidManifest.xml:115:13-44
130        <activity android:name="id.kotlin.hspbtool.MenuWorkOrder" />
130-->src/main/AndroidManifest.xml:116:9-117:45
130-->src/main/AndroidManifest.xml:117:13-42
131        <activity android:name="id.kotlin.hspbtool.ViewRecordWorkOrderActivity" />
131-->src/main/AndroidManifest.xml:118:9-119:59
131-->src/main/AndroidManifest.xml:119:13-56
132        <activity android:name="id.kotlin.hspbtool.WorkOrderFilterShowData" />
132-->src/main/AndroidManifest.xml:120:9-121:55
132-->src/main/AndroidManifest.xml:121:13-52
133        <activity android:name="id.kotlin.hspbtool.WorkOrderViewDetailActivity" />
133-->src/main/AndroidManifest.xml:122:9-123:59
133-->src/main/AndroidManifest.xml:123:13-56
134        <activity android:name="id.kotlin.hspbtool.CameraXActivity" />
134-->src/main/AndroidManifest.xml:124:9-125:47
134-->src/main/AndroidManifest.xml:125:13-44
135        <activity android:name="id.kotlin.hspbtool.TakePictureWorkOrderActivity" />
135-->src/main/AndroidManifest.xml:126:9-127:60
135-->src/main/AndroidManifest.xml:127:13-57
136        <activity android:name="id.kotlin.hspbtool.RegisterAccount" />
136-->src/main/AndroidManifest.xml:128:9-129:47
136-->src/main/AndroidManifest.xml:129:13-44
137        <activity android:name="id.kotlin.hspbtool.ViewSearchItemForWorkOrder" />
137-->src/main/AndroidManifest.xml:130:9-131:58
137-->src/main/AndroidManifest.xml:131:13-55
138        <activity
138-->src/main/AndroidManifest.xml:132:9-135:65
139            android:name="id.kotlin.hspbtool.ACFilterShowData"
139-->src/main/AndroidManifest.xml:133:13-45
140            android:label="@string/title_activity_santika_information"
140-->src/main/AndroidManifest.xml:134:13-71
141            android:theme="@style/Theme.HSPBTool.NoActionBar" />
141-->src/main/AndroidManifest.xml:135:13-62
142        <activity
142-->src/main/AndroidManifest.xml:136:9-139:65
143            android:name="id.kotlin.hspbtool.ViewRecordACActivity"
143-->src/main/AndroidManifest.xml:137:13-49
144            android:label="@string/title_activity_santika_information"
144-->src/main/AndroidManifest.xml:138:13-71
145            android:theme="@style/Theme.HSPBTool.NoActionBar" />
145-->src/main/AndroidManifest.xml:139:13-62
146        <activity
146-->src/main/AndroidManifest.xml:140:9-143:65
147            android:name="id.kotlin.hspbtool.LogRecordActivityAC"
147-->src/main/AndroidManifest.xml:141:13-48
148            android:label="@string/title_activity_santika_information"
148-->src/main/AndroidManifest.xml:142:13-71
149            android:theme="@style/Theme.HSPBTool.NoActionBar" />
149-->src/main/AndroidManifest.xml:143:13-62
150        <!--
151<activity
152            android:name=".MainActivity2"
153            android:label="@string/title_activity_main2"
154            android:theme="@style/Theme.HSPBTool.NoActionBar" />
155        -->
156        <activity
156-->src/main/AndroidManifest.xml:150:9-152:48
157            android:name="id.kotlin.hspbtool.MainActivity"
157-->src/main/AndroidManifest.xml:151:13-41
158            android:label="@string/app_name" />
158-->src/main/AndroidManifest.xml:152:13-45
159        <activity
159-->src/main/AndroidManifest.xml:153:9-162:20
160            android:name="id.kotlin.hspbtool.LoginActivity"
160-->src/main/AndroidManifest.xml:154:13-42
161            android:label="@string/app_name"
161-->src/main/AndroidManifest.xml:155:13-45
162            android:theme="@style/Theme.HSPBTool.NoActionBar" >
162-->src/main/AndroidManifest.xml:156:13-62
163            <intent-filter>
163-->src/main/AndroidManifest.xml:157:13-161:29
164                <action android:name="android.intent.action.MAIN" />
164-->src/main/AndroidManifest.xml:158:17-69
164-->src/main/AndroidManifest.xml:158:25-66
165
166                <category android:name="android.intent.category.LAUNCHER" />
166-->src/main/AndroidManifest.xml:160:17-77
166-->src/main/AndroidManifest.xml:160:27-74
167            </intent-filter>
168        </activity>
169
170        <service android:name="id.kotlin.hspbtool.MyFirebaseMessagingService" >
170-->src/main/AndroidManifest.xml:164:9-168:19
170-->src/main/AndroidManifest.xml:164:18-60
171            <intent-filter>
171-->src/main/AndroidManifest.xml:165:13-167:29
172                <action android:name="com.google.firebase.MESSAGING_EVENT" />
172-->src/main/AndroidManifest.xml:166:17-78
172-->src/main/AndroidManifest.xml:166:25-75
173            </intent-filter>
174        </service>
175
176        <uses-library
176-->[androidx.camera:camera-extensions:1.0.0-alpha24] AndroidManifest.xml:31:9-33:40
177            android:name="androidx.camera.extensions.impl"
177-->[androidx.camera:camera-extensions:1.0.0-alpha24] AndroidManifest.xml:32:13-59
178            android:required="false" />
178-->[androidx.camera:camera-extensions:1.0.0-alpha24] AndroidManifest.xml:33:13-37
179
180        <provider
180-->[com.squareup.picasso:picasso:2.71828] AndroidManifest.xml:8:9-11:40
181            android:name="com.squareup.picasso.PicassoProvider"
181-->[com.squareup.picasso:picasso:2.71828] AndroidManifest.xml:9:13-64
182            android:authorities="id.kotlin.hspbtool.com.squareup.picasso"
182-->[com.squareup.picasso:picasso:2.71828] AndroidManifest.xml:10:13-72
183            android:exported="false" />
183-->[com.squareup.picasso:picasso:2.71828] AndroidManifest.xml:11:13-37
184
185        <activity
185-->[pub.devrel:easypermissions:3.0.0] AndroidManifest.xml:12:9-16:66
186            android:name="pub.devrel.easypermissions.AppSettingsDialogHolderActivity"
186-->[pub.devrel:easypermissions:3.0.0] AndroidManifest.xml:13:13-86
187            android:exported="false"
187-->[pub.devrel:easypermissions:3.0.0] AndroidManifest.xml:14:13-37
188            android:label=""
188-->[pub.devrel:easypermissions:3.0.0] AndroidManifest.xml:15:13-29
189            android:theme="@style/EasyPermissions.Transparent" />
189-->[pub.devrel:easypermissions:3.0.0] AndroidManifest.xml:16:13-63
190
191        <receiver
191-->[com.google.firebase:firebase-messaging:22.0.0] AndroidManifest.xml:28:9-35:20
192            android:name="com.google.firebase.iid.FirebaseInstanceIdReceiver"
192-->[com.google.firebase:firebase-messaging:22.0.0] AndroidManifest.xml:29:13-78
193            android:exported="true"
193-->[com.google.firebase:firebase-messaging:22.0.0] AndroidManifest.xml:30:13-36
194            android:permission="com.google.android.c2dm.permission.SEND" >
194-->[com.google.firebase:firebase-messaging:22.0.0] AndroidManifest.xml:31:13-73
195            <intent-filter>
195-->[com.google.firebase:firebase-messaging:22.0.0] AndroidManifest.xml:32:13-34:29
196                <action android:name="com.google.android.c2dm.intent.RECEIVE" />
196-->[com.google.firebase:firebase-messaging:22.0.0] AndroidManifest.xml:33:17-81
196-->[com.google.firebase:firebase-messaging:22.0.0] AndroidManifest.xml:33:25-78
197            </intent-filter>
198        </receiver>
199        <!--
200             FirebaseMessagingService performs security checks at runtime,
201             but set to not exported to explicitly avoid allowing another app to call it.
202        -->
203        <service
203-->[com.google.firebase:firebase-messaging:22.0.0] AndroidManifest.xml:41:9-48:19
204            android:name="com.google.firebase.messaging.FirebaseMessagingService"
204-->[com.google.firebase:firebase-messaging:22.0.0] AndroidManifest.xml:42:13-82
205            android:directBootAware="true"
205-->[com.google.firebase:firebase-messaging:22.0.0] AndroidManifest.xml:43:13-43
206            android:exported="false" >
206-->[com.google.firebase:firebase-messaging:22.0.0] AndroidManifest.xml:44:13-37
207            <intent-filter android:priority="-500" >
207-->src/main/AndroidManifest.xml:165:13-167:29
208                <action android:name="com.google.firebase.MESSAGING_EVENT" />
208-->src/main/AndroidManifest.xml:166:17-78
208-->src/main/AndroidManifest.xml:166:25-75
209            </intent-filter>
210        </service>
211        <service
211-->[com.google.firebase:firebase-messaging:22.0.0] AndroidManifest.xml:49:9-55:19
212            android:name="com.google.firebase.components.ComponentDiscoveryService"
212-->[com.google.firebase:firebase-messaging:22.0.0] AndroidManifest.xml:50:13-84
213            android:directBootAware="true"
213-->[com.google.firebase:firebase-common:20.0.0] AndroidManifest.xml:35:13-43
214            android:exported="false" >
214-->[com.google.firebase:firebase-messaging:22.0.0] AndroidManifest.xml:51:13-37
215            <meta-data
215-->[com.google.firebase:firebase-messaging:22.0.0] AndroidManifest.xml:52:13-54:85
216                android:name="com.google.firebase.components:com.google.firebase.messaging.FirebaseMessagingRegistrar"
216-->[com.google.firebase:firebase-messaging:22.0.0] AndroidManifest.xml:53:17-119
217                android:value="com.google.firebase.components.ComponentRegistrar" />
217-->[com.google.firebase:firebase-messaging:22.0.0] AndroidManifest.xml:54:17-82
218            <meta-data
218-->[com.google.firebase:firebase-datatransport:18.0.0] AndroidManifest.xml:28:13-30:85
219                android:name="com.google.firebase.components:com.google.firebase.datatransport.TransportRegistrar"
219-->[com.google.firebase:firebase-datatransport:18.0.0] AndroidManifest.xml:29:17-115
220                android:value="com.google.firebase.components.ComponentRegistrar" />
220-->[com.google.firebase:firebase-datatransport:18.0.0] AndroidManifest.xml:30:17-82
221            <meta-data
221-->[com.google.firebase:firebase-installations:17.0.0] AndroidManifest.xml:18:13-20:85
222                android:name="com.google.firebase.components:com.google.firebase.installations.FirebaseInstallationsRegistrar"
222-->[com.google.firebase:firebase-installations:17.0.0] AndroidManifest.xml:19:17-127
223                android:value="com.google.firebase.components.ComponentRegistrar" />
223-->[com.google.firebase:firebase-installations:17.0.0] AndroidManifest.xml:20:17-82
224        </service>
225
226        <provider
226-->[androidx.work:work-runtime:2.5.0] AndroidManifest.xml:31:9-37:35
227            android:name="androidx.work.impl.WorkManagerInitializer"
227-->[androidx.work:work-runtime:2.5.0] AndroidManifest.xml:32:13-69
228            android:authorities="id.kotlin.hspbtool.workmanager-init"
228-->[androidx.work:work-runtime:2.5.0] AndroidManifest.xml:33:13-68
229            android:directBootAware="false"
229-->[androidx.work:work-runtime:2.5.0] AndroidManifest.xml:34:13-44
230            android:exported="false"
230-->[androidx.work:work-runtime:2.5.0] AndroidManifest.xml:35:13-37
231            android:multiprocess="true" />
231-->[androidx.work:work-runtime:2.5.0] AndroidManifest.xml:36:13-40
232
233        <service
233-->[androidx.work:work-runtime:2.5.0] AndroidManifest.xml:39:9-44:35
234            android:name="androidx.work.impl.background.systemalarm.SystemAlarmService"
234-->[androidx.work:work-runtime:2.5.0] AndroidManifest.xml:40:13-88
235            android:directBootAware="false"
235-->[androidx.work:work-runtime:2.5.0] AndroidManifest.xml:41:13-44
236            android:enabled="@bool/enable_system_alarm_service_default"
236-->[androidx.work:work-runtime:2.5.0] AndroidManifest.xml:42:13-72
237            android:exported="false" />
237-->[androidx.work:work-runtime:2.5.0] AndroidManifest.xml:43:13-37
238        <service
238-->[androidx.work:work-runtime:2.5.0] AndroidManifest.xml:45:9-51:35
239            android:name="androidx.work.impl.background.systemjob.SystemJobService"
239-->[androidx.work:work-runtime:2.5.0] AndroidManifest.xml:46:13-84
240            android:directBootAware="false"
240-->[androidx.work:work-runtime:2.5.0] AndroidManifest.xml:47:13-44
241            android:enabled="@bool/enable_system_job_service_default"
241-->[androidx.work:work-runtime:2.5.0] AndroidManifest.xml:48:13-70
242            android:exported="true"
242-->[androidx.work:work-runtime:2.5.0] AndroidManifest.xml:49:13-36
243            android:permission="android.permission.BIND_JOB_SERVICE" />
243-->[androidx.work:work-runtime:2.5.0] AndroidManifest.xml:50:13-69
244        <service
244-->[androidx.work:work-runtime:2.5.0] AndroidManifest.xml:52:9-57:35
245            android:name="androidx.work.impl.foreground.SystemForegroundService"
245-->[androidx.work:work-runtime:2.5.0] AndroidManifest.xml:53:13-81
246            android:directBootAware="false"
246-->[androidx.work:work-runtime:2.5.0] AndroidManifest.xml:54:13-44
247            android:enabled="@bool/enable_system_foreground_service_default"
247-->[androidx.work:work-runtime:2.5.0] AndroidManifest.xml:55:13-77
248            android:exported="false" />
248-->[androidx.work:work-runtime:2.5.0] AndroidManifest.xml:56:13-37
249
250        <receiver
250-->[androidx.work:work-runtime:2.5.0] AndroidManifest.xml:59:9-64:35
251            android:name="androidx.work.impl.utils.ForceStopRunnable$BroadcastReceiver"
251-->[androidx.work:work-runtime:2.5.0] AndroidManifest.xml:60:13-88
252            android:directBootAware="false"
252-->[androidx.work:work-runtime:2.5.0] AndroidManifest.xml:61:13-44
253            android:enabled="true"
253-->[androidx.work:work-runtime:2.5.0] AndroidManifest.xml:62:13-35
254            android:exported="false" />
254-->[androidx.work:work-runtime:2.5.0] AndroidManifest.xml:63:13-37
255        <receiver
255-->[androidx.work:work-runtime:2.5.0] AndroidManifest.xml:65:9-75:20
256            android:name="androidx.work.impl.background.systemalarm.ConstraintProxy$BatteryChargingProxy"
256-->[androidx.work:work-runtime:2.5.0] AndroidManifest.xml:66:13-106
257            android:directBootAware="false"
257-->[androidx.work:work-runtime:2.5.0] AndroidManifest.xml:67:13-44
258            android:enabled="false"
258-->[androidx.work:work-runtime:2.5.0] AndroidManifest.xml:68:13-36
259            android:exported="false" >
259-->[androidx.work:work-runtime:2.5.0] AndroidManifest.xml:69:13-37
260            <intent-filter>
260-->[androidx.work:work-runtime:2.5.0] AndroidManifest.xml:71:13-74:29
261                <action android:name="android.intent.action.ACTION_POWER_CONNECTED" />
261-->[androidx.work:work-runtime:2.5.0] AndroidManifest.xml:72:17-87
261-->[androidx.work:work-runtime:2.5.0] AndroidManifest.xml:72:25-84
262                <action android:name="android.intent.action.ACTION_POWER_DISCONNECTED" />
262-->[androidx.work:work-runtime:2.5.0] AndroidManifest.xml:73:17-90
262-->[androidx.work:work-runtime:2.5.0] AndroidManifest.xml:73:25-87
263            </intent-filter>
264        </receiver>
265        <receiver
265-->[androidx.work:work-runtime:2.5.0] AndroidManifest.xml:76:9-86:20
266            android:name="androidx.work.impl.background.systemalarm.ConstraintProxy$BatteryNotLowProxy"
266-->[androidx.work:work-runtime:2.5.0] AndroidManifest.xml:77:13-104
267            android:directBootAware="false"
267-->[androidx.work:work-runtime:2.5.0] AndroidManifest.xml:78:13-44
268            android:enabled="false"
268-->[androidx.work:work-runtime:2.5.0] AndroidManifest.xml:79:13-36
269            android:exported="false" >
269-->[androidx.work:work-runtime:2.5.0] AndroidManifest.xml:80:13-37
270            <intent-filter>
270-->[androidx.work:work-runtime:2.5.0] AndroidManifest.xml:82:13-85:29
271                <action android:name="android.intent.action.BATTERY_OKAY" />
271-->[androidx.work:work-runtime:2.5.0] AndroidManifest.xml:83:17-77
271-->[androidx.work:work-runtime:2.5.0] AndroidManifest.xml:83:25-74
272                <action android:name="android.intent.action.BATTERY_LOW" />
272-->[androidx.work:work-runtime:2.5.0] AndroidManifest.xml:84:17-76
272-->[androidx.work:work-runtime:2.5.0] AndroidManifest.xml:84:25-73
273            </intent-filter>
274        </receiver>
275        <receiver
275-->[androidx.work:work-runtime:2.5.0] AndroidManifest.xml:87:9-97:20
276            android:name="androidx.work.impl.background.systemalarm.ConstraintProxy$StorageNotLowProxy"
276-->[androidx.work:work-runtime:2.5.0] AndroidManifest.xml:88:13-104
277            android:directBootAware="false"
277-->[androidx.work:work-runtime:2.5.0] AndroidManifest.xml:89:13-44
278            android:enabled="false"
278-->[androidx.work:work-runtime:2.5.0] AndroidManifest.xml:90:13-36
279            android:exported="false" >
279-->[androidx.work:work-runtime:2.5.0] AndroidManifest.xml:91:13-37
280            <intent-filter>
280-->[androidx.work:work-runtime:2.5.0] AndroidManifest.xml:93:13-96:29
281                <action android:name="android.intent.action.DEVICE_STORAGE_LOW" />
281-->[androidx.work:work-runtime:2.5.0] AndroidManifest.xml:94:17-83
281-->[androidx.work:work-runtime:2.5.0] AndroidManifest.xml:94:25-80
282                <action android:name="android.intent.action.DEVICE_STORAGE_OK" />
282-->[androidx.work:work-runtime:2.5.0] AndroidManifest.xml:95:17-82
282-->[androidx.work:work-runtime:2.5.0] AndroidManifest.xml:95:25-79
283            </intent-filter>
284        </receiver>